mode: set
github.com/seanrogers2657/slang/frontend/parser/parser.go:26.46,33.2 2 1
github.com/seanrogers2657/slang/frontend/parser/parser.go:42.46,44.2 1 0
github.com/seanrogers2657/slang/frontend/parser/parser.go:46.45,48.2 1 1
github.com/seanrogers2657/slang/frontend/parser/parser.go:52.32,55.2 2 1
github.com/seanrogers2657/slang/frontend/parser/parser.go:57.42,59.53 1 1
github.com/seanrogers2657/slang/frontend/parser/parser.go:59.53,66.3 3 1
github.com/seanrogers2657/slang/frontend/parser/parser.go:68.2,68.12 1 0
github.com/seanrogers2657/slang/frontend/parser/parser.go:71.48,77.19 4 1
github.com/seanrogers2657/slang/frontend/parser/parser.go:78.27,79.11 1 1
github.com/seanrogers2657/slang/frontend/parser/parser.go:80.28,81.11 1 1
github.com/seanrogers2657/slang/frontend/parser/parser.go:82.31,83.11 1 1
github.com/seanrogers2657/slang/frontend/parser/parser.go:84.29,85.11 1 1
github.com/seanrogers2657/slang/frontend/parser/parser.go:86.29,87.11 1 1
github.com/seanrogers2657/slang/frontend/parser/parser.go:88.28,89.12 1 1
github.com/seanrogers2657/slang/frontend/parser/parser.go:90.31,91.12 1 1
github.com/seanrogers2657/slang/frontend/parser/parser.go:92.31,93.11 1 1
github.com/seanrogers2657/slang/frontend/parser/parser.go:94.34,95.11 1 1
github.com/seanrogers2657/slang/frontend/parser/parser.go:96.38,97.12 1 1
github.com/seanrogers2657/slang/frontend/parser/parser.go:98.41,99.12 1 1
github.com/seanrogers2657/slang/frontend/parser/parser.go:100.10,103.13 3 1
github.com/seanrogers2657/slang/frontend/parser/parser.go:107.2,114.3 3 1
github.com/seanrogers2657/slang/frontend/lexer/lexer.go:41.37,48.2 2 1
github.com/seanrogers2657/slang/frontend/lexer/lexer.go:50.31,52.30 2 1
github.com/seanrogers2657/slang/frontend/lexer/lexer.go:52.30,56.42 2 1
github.com/seanrogers2657/slang/frontend/lexer/lexer.go:56.42,57.9 1 1
github.com/seanrogers2657/slang/frontend/lexer/lexer.go:60.3,61.12 2 1
github.com/seanrogers2657/slang/frontend/lexer/lexer.go:64.2,64.83 1 1
github.com/seanrogers2657/slang/frontend/lexer/lexer.go:67.25,68.30 1 1
github.com/seanrogers2657/slang/frontend/lexer/lexer.go:68.30,72.31 2 1
github.com/seanrogers2657/slang/frontend/lexer/lexer.go:72.31,75.4 1 1
github.com/seanrogers2657/slang/frontend/lexer/lexer.go:75.9,75.66 1 1
github.com/seanrogers2657/slang/frontend/lexer/lexer.go:75.66,77.4 1 1
github.com/seanrogers2657/slang/frontend/lexer/lexer.go:77.9,77.22 1 1
github.com/seanrogers2657/slang/frontend/lexer/lexer.go:77.22,81.4 2 1
github.com/seanrogers2657/slang/frontend/lexer/lexer.go:81.9,81.22 1 1
github.com/seanrogers2657/slang/frontend/lexer/lexer.go:81.22,84.4 2 1
github.com/seanrogers2657/slang/frontend/lexer/lexer.go:84.9,84.22 1 1
github.com/seanrogers2657/slang/frontend/lexer/lexer.go:84.22,87.4 2 1
github.com/seanrogers2657/slang/frontend/lexer/lexer.go:87.9,87.22 1 1
github.com/seanrogers2657/slang/frontend/lexer/lexer.go:87.22,90.4 2 1
github.com/seanrogers2657/slang/frontend/lexer/lexer.go:90.9,90.22 1 1
github.com/seanrogers2657/slang/frontend/lexer/lexer.go:90.22,93.4 2 1
github.com/seanrogers2657/slang/frontend/lexer/lexer.go:93.9,93.22 1 1
github.com/seanrogers2657/slang/frontend/lexer/lexer.go:93.22,95.63 1 1
github.com/seanrogers2657/slang/frontend/lexer/lexer.go:95.63,98.5 2 1
github.com/seanrogers2657/slang/frontend/lexer/lexer.go:98.10,101.5 2 1
github.com/seanrogers2657/slang/frontend/lexer/lexer.go:102.9,102.22 1 1
github.com/seanrogers2657/slang/frontend/lexer/lexer.go:102.22,104.63 1 1
github.com/seanrogers2657/slang/frontend/lexer/lexer.go:104.63,107.5 2 1
github.com/seanrogers2657/slang/frontend/lexer/lexer.go:107.10,110.5 2 1
github.com/seanrogers2657/slang/frontend/lexer/lexer.go:111.9,111.22 1 1
github.com/seanrogers2657/slang/frontend/lexer/lexer.go:111.22,113.63 1 1
github.com/seanrogers2657/slang/frontend/lexer/lexer.go:113.63,116.5 2 1
github.com/seanrogers2657/slang/frontend/lexer/lexer.go:116.10,119.5 2 1
github.com/seanrogers2657/slang/frontend/lexer/lexer.go:120.9,120.22 1 1
github.com/seanrogers2657/slang/frontend/lexer/lexer.go:120.22,122.63 1 1
github.com/seanrogers2657/slang/frontend/lexer/lexer.go:122.63,125.5 2 1
github.com/seanrogers2657/slang/frontend/lexer/lexer.go:125.10,128.5 2 1
github.com/seanrogers2657/slang/frontend/lexer/lexer.go:129.9,129.23 1 1
github.com/seanrogers2657/slang/frontend/lexer/lexer.go:129.23,133.4 2 0
github.com/seanrogers2657/slang/frontend/lexer/lexer.go:133.9,137.4 3 1
github.com/seanrogers2657/slang/main.go:17.13,21.38 1 0
github.com/seanrogers2657/slang/main.go:21.38,24.18 3 0
github.com/seanrogers2657/slang/main.go:24.18,26.5 1 0
github.com/seanrogers2657/slang/main.go:28.4,38.18 9 0
github.com/seanrogers2657/slang/main.go:38.18,39.15 1 0
github.com/seanrogers2657/slang/main.go:42.4,43.18 2 0
github.com/seanrogers2657/slang/main.go:43.18,44.15 1 0
github.com/seanrogers2657/slang/main.go:47.4,49.18 3 0
github.com/seanrogers2657/slang/main.go:49.18,50.15 1 0
github.com/seanrogers2657/slang/main.go:59.4,77.18 5 0
github.com/seanrogers2657/slang/main.go:77.18,78.15 1 0
github.com/seanrogers2657/slang/main.go:81.4,82.14 2 0
github.com/seanrogers2657/slang/main.go:86.2,86.41 1 0
github.com/seanrogers2657/slang/main.go:86.41,88.3 1 0
github.com/seanrogers2657/slang/backend/as/as.go:16.15,20.2 1 1
github.com/seanrogers2657/slang/backend/as/as.go:26.50,28.2 1 1
github.com/seanrogers2657/slang/backend/as/as.go:30.54,39.20 7 1
github.com/seanrogers2657/slang/backend/as/as.go:39.20,41.3 1 1
github.com/seanrogers2657/slang/backend/as/as.go:41.8,43.3 1 1
github.com/seanrogers2657/slang/backend/as/as.go:45.2,49.30 4 1
